<?xml version="1.0" encoding="UTF-8"?>
<testng-results skipped="0" failed="0" total="1" passed="1">
  <reporter-output>
    <line>
      <![CDATA[no of rows::7   no of cells::4]]>
    </line>
    <line>
      <![CDATA[Login success::dashboard        http://orangehrm.qedgetech.com/symfony/web/index.php/dashboard]]>
    </line>
    <line>
      <![CDATA[Invalid credentials       dashboard      http://orangehrm.qedgetech.com/symfony/web/index.php/auth/validateCredentials]]>
    </line>
    <line>
      <![CDATA[Username cannot be empty       dashboard      http://orangehrm.qedgetech.com/symfony/web/index.php/auth/login]]>
    </line>
    <line>
      <![CDATA[Login success::dashboard        http://orangehrm.qedgetech.com/symfony/web/index.php/dashboard]]>
    </line>
    <line>
      <![CDATA[Username cannot be empty       dashboard      http://orangehrm.qedgetech.com/symfony/web/index.php/auth/login]]>
    </line>
    <line>
      <![CDATA[Invalid credentials       dashboard      http://orangehrm.qedgetech.com/symfony/web/index.php/auth/validateCredentials]]>
    </line>
    <line>
      <![CDATA[Login success::dashboard        http://orangehrm.qedgetech.com/symfony/web/index.php/dashboard]]>
    </line>
  </reporter-output>
  <suite name="Default suite" duration-ms="21532" started-at="2022-09-20T11:25:03Z" finished-at="2022-09-20T11:25:25Z">
    <groups>
    </groups>
    <test name="Default test" duration-ms="21532" started-at="2022-09-20T11:25:03Z" finished-at="2022-09-20T11:25:25Z">
      <class name="Driverfactors.Driverscript">
        <test-method status="PASS" signature="setup()[pri:0, instance:Driverfactors.Driverscript@26be92ad]" name="setup" is-config="true" duration-ms="2005" started-at="2022-09-20T16:55:03Z" finished-at="2022-09-20T16:55:05Z">
          <reporter-output>
          </reporter-output>
        </test-method> <!-- setup -->
        <test-method status="PASS" signature="starttest()[pri:0, instance:Driverfactors.Driverscript@26be92ad]" name="starttest" duration-ms="19430" started-at="2022-09-20T16:55:05Z" finished-at="2022-09-20T16:55:25Z">
          <reporter-output>
            <line>
              <![CDATA[no of rows::7   no of cells::4]]>
            </line>
            <line>
              <![CDATA[Login success::dashboard        http://orangehrm.qedgetech.com/symfony/web/index.php/dashboard]]>
            </line>
            <line>
              <![CDATA[Invalid credentials       dashboard      http://orangehrm.qedgetech.com/symfony/web/index.php/auth/validateCredentials]]>
            </line>
            <line>
              <![CDATA[Username cannot be empty       dashboard      http://orangehrm.qedgetech.com/symfony/web/index.php/auth/login]]>
            </line>
            <line>
              <![CDATA[Login success::dashboard        http://orangehrm.qedgetech.com/symfony/web/index.php/dashboard]]>
            </line>
            <line>
              <![CDATA[Username cannot be empty       dashboard      http://orangehrm.qedgetech.com/symfony/web/index.php/auth/login]]>
            </line>
            <line>
              <![CDATA[Invalid credentials       dashboard      http://orangehrm.qedgetech.com/symfony/web/index.php/auth/validateCredentials]]>
            </line>
            <line>
              <![CDATA[Login success::dashboard        http://orangehrm.qedgetech.com/symfony/web/index.php/dashboard]]>
            </line>
          </reporter-output>
        </test-method> <!-- starttest -->
        <test-method status="PASS" signature="teardown()[pri:0, instance:Driverfactors.Driverscript@26be92ad]" name="teardown" is-config="true" duration-ms="86" started-at="2022-09-20T16:55:25Z" finished-at="2022-09-20T16:55:25Z">
          <reporter-output>
          </reporter-output>
        </test-method> <!-- teardown -->
      </class> <!-- Driverfactors.Driverscript -->
    </test> <!-- Default test -->
  </suite> <!-- Default suite -->
</testng-results>
